<?xml version="1.0" encoding="UTF-8" ?>
<testsuites name="vitest tests" tests="37" failures="0" errors="0" time="0.117946125">
    <testsuite name="src/components/ui/__tests__/input.test.tsx" timestamp="2025-07-06T23:22:34.117Z" hostname="MasakinoMacBook-Pro.local" tests="37" failures="0" errors="0" skipped="0" time="0.117946125">
        <testcase classname="src/components/ui/__tests__/input.test.tsx" name="Input Component &gt; Basic Rendering &gt; should render an input element" time="0.044529666">
        </testcase>
        <testcase classname="src/components/ui/__tests__/input.test.tsx" name="Input Component &gt; Basic Rendering &gt; should have default type as text" time="0.005507417">
        </testcase>
        <testcase classname="src/components/ui/__tests__/input.test.tsx" name="Input Component &gt; Basic Rendering &gt; should have data-slot attribute" time="0.005201666">
        </testcase>
        <testcase classname="src/components/ui/__tests__/input.test.tsx" name="Input Component &gt; Basic Rendering &gt; should apply default CSS classes" time="0.002673041">
        </testcase>
        <testcase classname="src/components/ui/__tests__/input.test.tsx" name="Input Component &gt; Props Handling &gt; should accept and apply type prop" time="0.003212417">
        </testcase>
        <testcase classname="src/components/ui/__tests__/input.test.tsx" name="Input Component &gt; Props Handling &gt; should accept and apply value prop" time="0.001646125">
        </testcase>
        <testcase classname="src/components/ui/__tests__/input.test.tsx" name="Input Component &gt; Props Handling &gt; should accept and apply placeholder prop" time="0.000989875">
        </testcase>
        <testcase classname="src/components/ui/__tests__/input.test.tsx" name="Input Component &gt; Props Handling &gt; should accept and apply disabled prop" time="0.002581375">
        </testcase>
        <testcase classname="src/components/ui/__tests__/input.test.tsx" name="Input Component &gt; Props Handling &gt; should accept and apply name prop" time="0.003113167">
        </testcase>
        <testcase classname="src/components/ui/__tests__/input.test.tsx" name="Input Component &gt; Props Handling &gt; should accept and apply id prop" time="0.002025375">
        </testcase>
        <testcase classname="src/components/ui/__tests__/input.test.tsx" name="Input Component &gt; Props Handling &gt; should accept and apply aria-label prop" time="0.001139459">
        </testcase>
        <testcase classname="src/components/ui/__tests__/input.test.tsx" name="Input Component &gt; Props Handling &gt; should accept and apply aria-invalid prop" time="0.002546958">
        </testcase>
        <testcase classname="src/components/ui/__tests__/input.test.tsx" name="Input Component &gt; Styling and CSS Classes &gt; should merge custom className with default classes" time="0.002347666">
        </testcase>
        <testcase classname="src/components/ui/__tests__/input.test.tsx" name="Input Component &gt; Styling and CSS Classes &gt; should handle className prop as undefined" time="0.001817209">
        </testcase>
        <testcase classname="src/components/ui/__tests__/input.test.tsx" name="Input Component &gt; Styling and CSS Classes &gt; should apply focus-visible styles" time="0.001218709">
        </testcase>
        <testcase classname="src/components/ui/__tests__/input.test.tsx" name="Input Component &gt; Styling and CSS Classes &gt; should apply aria-invalid styles when aria-invalid is true" time="0.001267834">
        </testcase>
        <testcase classname="src/components/ui/__tests__/input.test.tsx" name="Input Component &gt; Event Handling &gt; should call onChange when input value changes" time="0.00510925">
        </testcase>
        <testcase classname="src/components/ui/__tests__/input.test.tsx" name="Input Component &gt; Event Handling &gt; should call onFocus when input is focused" time="0.003382625">
        </testcase>
        <testcase classname="src/components/ui/__tests__/input.test.tsx" name="Input Component &gt; Event Handling &gt; should call onBlur when input loses focus" time="0.001799375">
        </testcase>
        <testcase classname="src/components/ui/__tests__/input.test.tsx" name="Input Component &gt; Event Handling &gt; should call onKeyDown when key is pressed" time="0.002264167">
        </testcase>
        <testcase classname="src/components/ui/__tests__/input.test.tsx" name="Input Component &gt; Event Handling &gt; should not call onChange when disabled" time="0.001360375">
        </testcase>
        <testcase classname="src/components/ui/__tests__/input.test.tsx" name="Input Component &gt; Input Types &gt; should render email input correctly" time="0.001410791">
        </testcase>
        <testcase classname="src/components/ui/__tests__/input.test.tsx" name="Input Component &gt; Input Types &gt; should render number input correctly" time="0.003157834">
        </testcase>
        <testcase classname="src/components/ui/__tests__/input.test.tsx" name="Input Component &gt; Input Types &gt; should render password input correctly" time="0.000610209">
        </testcase>
        <testcase classname="src/components/ui/__tests__/input.test.tsx" name="Input Component &gt; Input Types &gt; should render search input correctly" time="0.001344875">
        </testcase>
        <testcase classname="src/components/ui/__tests__/input.test.tsx" name="Input Component &gt; Input Types &gt; should render file input correctly" time="0.000901584">
        </testcase>
        <testcase classname="src/components/ui/__tests__/input.test.tsx" name="Input Component &gt; Controlled vs Uncontrolled &gt; should work as uncontrolled component" time="0.000696916">
        </testcase>
        <testcase classname="src/components/ui/__tests__/input.test.tsx" name="Input Component &gt; Controlled vs Uncontrolled &gt; should work as controlled component" time="0.001525958">
        </testcase>
        <testcase classname="src/components/ui/__tests__/input.test.tsx" name="Input Component &gt; Accessibility &gt; should be focusable when not disabled" time="0.001746">
        </testcase>
        <testcase classname="src/components/ui/__tests__/input.test.tsx" name="Input Component &gt; Accessibility &gt; should not be focusable when disabled" time="0.001383041">
        </testcase>
        <testcase classname="src/components/ui/__tests__/input.test.tsx" name="Input Component &gt; Accessibility &gt; should support aria-describedby" time="0.001674625">
        </testcase>
        <testcase classname="src/components/ui/__tests__/input.test.tsx" name="Input Component &gt; Accessibility &gt; should support aria-required" time="0.001129958">
        </testcase>
        <testcase classname="src/components/ui/__tests__/input.test.tsx" name="Input Component &gt; Accessibility &gt; should support required attribute" time="0.001902958">
        </testcase>
        <testcase classname="src/components/ui/__tests__/input.test.tsx" name="Input Component &gt; Edge Cases &gt; should handle empty string value" time="0.001202833">
        </testcase>
        <testcase classname="src/components/ui/__tests__/input.test.tsx" name="Input Component &gt; Edge Cases &gt; should handle null className" time="0.001002542">
        </testcase>
        <testcase classname="src/components/ui/__tests__/input.test.tsx" name="Input Component &gt; Edge Cases &gt; should handle very long values" time="0.00053275">
        </testcase>
        <testcase classname="src/components/ui/__tests__/input.test.tsx" name="Input Component &gt; Edge Cases &gt; should handle special characters in value" time="0.000411375">
        </testcase>
    </testsuite>
</testsuites>
