<?xml version="1.0" encoding="UTF-8" ?>
<testsuites name="vitest tests" tests="3" failures="0" errors="0" time="0.01489075">
    <testsuite name="src/hooks/__tests__/use-pwa.test.ts" timestamp="2025-07-06T07:40:04.284Z" hostname="MasakinoMacBook-Pro.local" tests="3" failures="0" errors="0" skipped="0" time="0.01489075">
        <testcase classname="src/hooks/__tests__/use-pwa.test.ts" name="usePWA &gt; 初期状態でisInstallable, isInstalledがbooleanで返る" time="0.009544625">
        </testcase>
        <testcase classname="src/hooks/__tests__/use-pwa.test.ts" name="usePWA &gt; beforeinstallpromptイベントでisInstallableがtrueになる" time="0.001795458">
        </testcase>
        <testcase classname="src/hooks/__tests__/use-pwa.test.ts" name="usePWA &gt; showInstallPromptがwindowに定義される（PWA環境のみ）" time="0.002844125">
        </testcase>
    </testsuite>
</testsuites>
