<?xml version="1.0" encoding="UTF-8" ?>
<testsuites name="vitest tests" tests="10" failures="0" errors="0" time="0.112906375">
    <testsuite name="src/app/assistant/__tests__/ChatInput.test.tsx" timestamp="2025-07-05T09:54:49.023Z" hostname="MasakinoMacBook-Pro.local" tests="10" failures="0" errors="0" skipped="0" time="0.112906375">
        <testcase classname="src/app/assistant/__tests__/ChatInput.test.tsx" name="ChatInput &gt; 入力値が反映される" time="0.054135209">
        </testcase>
        <testcase classname="src/app/assistant/__tests__/ChatInput.test.tsx" name="ChatInput &gt; 送信ボタンが押せる" time="0.009317708">
        </testcase>
        <testcase classname="src/app/assistant/__tests__/ChatInput.test.tsx" name="ChatInput &gt; loading時はボタンがdisabled" time="0.005956375">
        </testcase>
        <testcase classname="src/app/assistant/__tests__/ChatInput.test.tsx" name="ChatInput &gt; ユーザーがメッセージを入力し送信できる" time="0.003732291">
        </testcase>
        <testcase classname="src/app/assistant/__tests__/ChatInput.test.tsx" name="ChatInput &gt; 送信モード（Enter/Mod+Enter）の切替挙動" time="0.010226625">
        </testcase>
        <testcase classname="src/app/assistant/__tests__/ChatInput.test.tsx" name="ChatInput &gt; ラジオボタンによる送信モード切替" time="0.004760459">
        </testcase>
        <testcase classname="src/app/assistant/__tests__/ChatInput.test.tsx" name="ChatInput &gt; 空メッセージ送信時は送信ボタンがdisabledかつonSendが呼ばれない" time="0.006128583">
        </testcase>
        <testcase classname="src/app/assistant/__tests__/ChatInput.test.tsx" name="ChatInput &gt; Enterキーで送信（sendMode: enter）" time="0.003075541">
        </testcase>
        <testcase classname="src/app/assistant/__tests__/ChatInput.test.tsx" name="ChatInput &gt; Cmd+Enterで送信（sendMode: mod+enter）" time="0.003065917">
        </testcase>
        <testcase classname="src/app/assistant/__tests__/ChatInput.test.tsx" name="ChatInput &gt; 送信ボタンの活性/非活性" time="0.00957625">
        </testcase>
    </testsuite>
</testsuites>
