<?xml version="1.0" encoding="UTF-8" ?>
<testsuites name="vitest tests" tests="2" failures="0" errors="0" time="0.034909792">
    <testsuite name="src/hooks/__tests__/use-web-vitals.test.ts" timestamp="2025-07-06T10:06:35.331Z" hostname="MasakinoMacBook-Pro.local" tests="2" failures="0" errors="0" skipped="0" time="0.034909792">
        <testcase classname="src/hooks/__tests__/use-web-vitals.test.ts" name="useWebVitals &gt; should register web-vitals metrics and call callback (development)" time="0.029921292">
        </testcase>
        <testcase classname="src/hooks/__tests__/use-web-vitals.test.ts" name="useWebVitals &gt; should call fetch in production" time="0.004054291">
        </testcase>
    </testsuite>
</testsuites>
