<?xml version="1.0" encoding="UTF-8" ?>
<testsuites name="vitest tests" tests="13" failures="0" errors="0" time="0.280279126">
    <testsuite name="src/app/assistant/__tests__/AssistantPage.ChatInputProps.test.tsx" timestamp="2025-07-15T01:51:42.065Z" hostname="MasakinoMacBook-Pro.local" tests="4" failures="0" errors="0" skipped="0" time="0.077767459">
        <testcase classname="src/app/assistant/__tests__/AssistantPage.ChatInputProps.test.tsx" name="AssistantPage &gt; ChatInputにinput/onInputChange/onSend/loading/sendMode/onSendModeChangeが正しく渡る" time="0.05769175">
        </testcase>
        <testcase classname="src/app/assistant/__tests__/AssistantPage.ChatInputProps.test.tsx" name="AssistantPage &gt; ChatInputでonSendが呼ばれたときsendMessageが呼ばれる" time="0.004980333">
        </testcase>
        <testcase classname="src/app/assistant/__tests__/AssistantPage.ChatInputProps.test.tsx" name="AssistantPage &gt; ChatInputでonInputChangeが呼ばれたときsetInputが呼ばれる" time="0.007409625">
        </testcase>
        <testcase classname="src/app/assistant/__tests__/AssistantPage.ChatInputProps.test.tsx" name="AssistantPage &gt; ChatInputでonSendModeChangeが呼ばれたときsetSendModeが呼ばれる" time="0.006451875">
        </testcase>
    </testsuite>
    <testsuite name="src/app/assistant/__tests__/AssistantPage.test.tsx" timestamp="2025-07-15T01:51:42.066Z" hostname="MasakinoMacBook-Pro.local" tests="2" failures="0" errors="0" skipped="0" time="0.069079792">
        <testcase classname="src/app/assistant/__tests__/AssistantPage.test.tsx" name="AssistantPage &gt; ChatMessagesとChatInputが正しく表示される" time="0.046375667">
        </testcase>
        <testcase classname="src/app/assistant/__tests__/AssistantPage.test.tsx" name="AssistantPage &gt; useChatの返り値が空オブジェクトでもエラーにならず描画される" time="0.021701708">
        </testcase>
    </testsuite>
    <testsuite name="src/app/assistant/__tests__/AssistantPage.ChatMessagesProps.test.tsx" timestamp="2025-07-15T01:51:42.066Z" hostname="MasakinoMacBook-Pro.local" tests="1" failures="0" errors="0" skipped="0" time="0.058499625">
        <testcase classname="src/app/assistant/__tests__/AssistantPage.ChatMessagesProps.test.tsx" name="AssistantPage &gt; ChatMessagesにmessages/loadingが正しく渡る" time="0.057345834">
        </testcase>
    </testsuite>
    <testsuite name="src/app/assistant/__tests__/AssistantPage.errorBoundary.test.tsx" timestamp="2025-07-15T01:51:42.067Z" hostname="MasakinoMacBook-Pro.local" tests="1" failures="0" errors="0" skipped="0" time="0.022002958">
        <testcase classname="src/app/assistant/__tests__/AssistantPage.errorBoundary.test.tsx" name="AssistantPage ErrorBoundary integration &gt; useChatがthrowした場合にErrorBoundaryでキャッチされる" time="0.02116775">
            <system-err>
Error: useChat error!
    at useChat [90m(/Users/masaki/Documents/gamechat-ai/frontend/[39msrc/app/assistant/__tests__/AssistantPage.errorBoundary.test.tsx:23:26[90m)[39m
    at AssistantPage [90m(/Users/masaki/Documents/gamechat-ai/frontend/[39msrc/app/assistant/index.tsx:12:16[90m)[39m
    at Object.react-stack-bottom-frame [90m(/Users/masaki/Documents/gamechat-ai/frontend/[39mnode_modules/[4mreact-dom[24m/cjs/react-dom-client.development.js:23863:20[90m)[39m
    at renderWithHooks [90m(/Users/masaki/Documents/gamechat-ai/frontend/[39mnode_modules/[4mreact-dom[24m/cjs/react-dom-client.development.js:5529:22[90m)[39m
    at updateFunctionComponent [90m(/Users/masaki/Documents/gamechat-ai/frontend/[39mnode_modules/[4mreact-dom[24m/cjs/react-dom-client.development.js:8897:19[90m)[39m
    at beginWork [90m(/Users/masaki/Documents/gamechat-ai/frontend/[39mnode_modules/[4mreact-dom[24m/cjs/react-dom-client.development.js:10522:18[90m)[39m
    at runWithFiberInDEV [90m(/Users/masaki/Documents/gamechat-ai/frontend/[39mnode_modules/[4mreact-dom[24m/cjs/react-dom-client.development.js:1522:13[90m)[39m
    at performUnitOfWork [90m(/Users/masaki/Documents/gamechat-ai/frontend/[39mnode_modules/[4mreact-dom[24m/cjs/react-dom-client.development.js:15140:22[90m)[39m
    at workLoopSync [90m(/Users/masaki/Documents/gamechat-ai/frontend/[39mnode_modules/[4mreact-dom[24m/cjs/react-dom-client.development.js:14956:41[90m)[39m
    at renderRootSync [90m(/Users/masaki/Documents/gamechat-ai/frontend/[39mnode_modules/[4mreact-dom[24m/cjs/react-dom-client.development.js:14936:11[90m)[39m {
  [stack]: [36m[Getter/Setter][39m,
  [message]: [32m&apos;useChat error!&apos;[39m
}

The above error occurred in the &lt;AssistantPage&gt; component.

React will try to recreate this component tree from scratch using the error boundary you provided, TestErrorBoundary.


            </system-err>
        </testcase>
    </testsuite>
    <testsuite name="src/app/assistant/__tests__/ChatMessages.test.tsx" timestamp="2025-07-15T01:51:42.067Z" hostname="MasakinoMacBook-Pro.local" tests="5" failures="0" errors="0" skipped="0" time="0.052929292">
        <testcase classname="src/app/assistant/__tests__/ChatMessages.test.tsx" name="ChatMessages &gt; メッセージがない場合は案内文を表示する" time="0.0220625">
        </testcase>
        <testcase classname="src/app/assistant/__tests__/ChatMessages.test.tsx" name="ChatMessages &gt; ユーザーメッセージとアシスタントメッセージを正しく表示する" time="0.023891625">
        </testcase>
        <testcase classname="src/app/assistant/__tests__/ChatMessages.test.tsx" name="ChatMessages &gt; loading時は送信中...を表示する" time="0.001931584">
        </testcase>
        <testcase classname="src/app/assistant/__tests__/ChatMessages.test.tsx" name="ChatMessages &gt; loading=true時にChatMessagesのローディングUI（送信中...）が表示される" time="0.001180583">
        </testcase>
        <testcase classname="src/app/assistant/__tests__/ChatMessages.test.tsx" name="ChatMessages &gt; messagesが空配列のときChatMessagesが空状態を表示する" time="0.00261575">
        </testcase>
    </testsuite>
</testsuites>
