<?xml version="1.0" encoding="UTF-8" ?>
<testsuites name="vitest tests" tests="6" failures="0" errors="0" time="0.018434084">
    <testsuite name="src/hooks/__tests__/use-mobile.test.ts" timestamp="2025-07-06T06:18:06.442Z" hostname="MasakinoMacBook-Pro.local" tests="6" failures="0" errors="0" skipped="0" time="0.018434084">
        <testcase classname="src/hooks/__tests__/use-mobile.test.ts" name="useIsMobile &gt; モバイル判定: 767px以下でtrue" time="0.010124709">
        </testcase>
        <testcase classname="src/hooks/__tests__/use-mobile.test.ts" name="useIsMobile &gt; PC判定: 768px以上でfalse" time="0.001343375">
        </testcase>
        <testcase classname="src/hooks/__tests__/use-mobile.test.ts" name="useIsMobile &gt; ウィンドウ幅変更時に値が変わる" time="0.002278958">
        </testcase>
        <testcase classname="src/hooks/__tests__/use-mobile.test.ts" name="useIsMobile &gt; matchMedia未定義時でも例外を投げずfalse" time="0.000823041">
        </testcase>
        <testcase classname="src/hooks/__tests__/use-mobile.test.ts" name="useIsMobile &gt; addEventListenerが例外を投げても例外伝播しない" time="0.001571">
        </testcase>
        <testcase classname="src/hooks/__tests__/use-mobile.test.ts" name="useIsMobile &gt; 返り値はboolean型である" time="0.001193125">
        </testcase>
    </testsuite>
</testsuites>
