<?xml version="1.0" encoding="UTF-8" ?>
<testsuites name="vitest tests" tests="9" failures="0" errors="0" time="0.037505292">
    <testsuite name="src/app/assistant/__tests__/useChat.test.ts" timestamp="2025-07-05T10:04:46.675Z" hostname="MasakinoMacBook-Pro.local" tests="9" failures="0" errors="0" skipped="0" time="0.037505292">
        <testcase classname="src/app/assistant/__tests__/useChat.test.ts" name="useChat &gt; 初期状態は空" time="0.015013542">
        </testcase>
        <testcase classname="src/app/assistant/__tests__/useChat.test.ts" name="useChat &gt; メッセージ送信でmessagesが増える" time="0.003647541">
        </testcase>
        <testcase classname="src/app/assistant/__tests__/useChat.test.ts" name="useChat &gt; APIエラー時はassistantロールのエラーメッセージが追加される" time="0.003654416">
        </testcase>
        <testcase classname="src/app/assistant/__tests__/useChat.test.ts" name="useChat &gt; 認証失敗時はassistantロールの認証エラーメッセージが追加される" time="0.0019985">
        </testcase>
        <testcase classname="src/app/assistant/__tests__/useChat.test.ts" name="useChat &gt; reCAPTCHA失敗時はassistantロールのエラーメッセージが追加される" time="0.00407375">
        </testcase>
        <testcase classname="src/app/assistant/__tests__/useChat.test.ts" name="useChat &gt; APIリクエストの内容とレスポンスを正しく処理する" time="0.00187675">
        </testcase>
        <testcase classname="src/app/assistant/__tests__/useChat.test.ts" name="useChat &gt; API失敗時にリトライで成功した場合、エラーメッセージの後に正常応答が追加される" time="0.002412667">
        </testcase>
        <testcase classname="src/app/assistant/__tests__/useChat.test.ts" name="useChat &gt; reCAPTCHA無効時はreCAPTCHAトークンが&quot;test&quot;でAPIリクエストされる" time="0.001088584">
        </testcase>
        <testcase classname="src/app/assistant/__tests__/useChat.test.ts" name="useChat &gt; firebase認証トークンが取得できた場合はAuthorizationヘッダーに付与される" time="0.002689625">
        </testcase>
    </testsuite>
</testsuites>
