<?xml version="1.0" encoding="UTF-8" ?>
<testsuites name="vitest tests" tests="2" failures="0" errors="0" time="0.030364709">
    <testsuite name="src/hooks/__tests__/use-web-vitals.test.ts" timestamp="2025-07-06T22:57:13.048Z" hostname="MasakinoMacBook-Pro.local" tests="2" failures="0" errors="0" skipped="0" time="0.030364709">
        <testcase classname="src/hooks/__tests__/use-web-vitals.test.ts" name="useWebVitals &gt; should register web-vitals metrics and call callback (development)" time="0.026033458">
        </testcase>
        <testcase classname="src/hooks/__tests__/use-web-vitals.test.ts" name="useWebVitals &gt; should call fetch in production" time="0.003306667">
        </testcase>
    </testsuite>
</testsuites>
